2025/04/16 16:49:20 methods.go:47: "level"=0 "msg"="calling: " "http://localhost:9002/set"="<no-value>"
2025/04/16 16:49:20 methods.go:47: "level"=0 "msg"="calling: " "http://localhost:9003/set"="<no-value>"
2025/04/16 16:49:20 methods.go:47: "level"=0 "msg"="calling: " "http://localhost:9002/set"="<no-value>"
2025/04/16 16:49:20 methods.go:47: "level"=0 "msg"="calling: " "http://localhost:9001/set"="<no-value>"
2025/04/16 16:49:20 methods.go:47: "level"=0 "msg"="calling: " "http://localhost:9003/set"="<no-value>"
2025/04/16 16:49:20 methods.go:47: "level"=0 "msg"="calling: " "http://localhost:9001/set"="<no-value>"
2025/04/16 16:49:20 methods.go:47: "level"=0 "msg"="calling: " "http://localhost:9003/set"="<no-value>"
2025/04/16 16:49:20 methods.go:47: "level"=0 "msg"="calling: " "http://localhost:9003/set"="<no-value>"
2025/04/16 16:49:20 methods.go:47: "level"=0 "msg"="calling: " "http://localhost:9003/set"="<no-value>"
2025/04/16 16:49:20 methods.go:47: "level"=0 "msg"="calling: " "http://localhost:9002/set"="<no-value>"
2025/04/16 16:49:20 methods.go:53: "level"=0 "msg"="Response for store key: " "Roshan7"="resp: " "<non-string-key: {\"Status\"=\"201 C>"="<no-value>"
2025/04/16 16:49:20 methods.go:53: "level"=0 "msg"="Response for store key: " "Roshan8"="resp: " "<non-string-key: {\"Status\"=\"201 C>"="<no-value>"
2025/04/16 16:49:20 methods.go:53: "level"=0 "msg"="Response for store key: " "Roshan5"="resp: " "<non-string-key: {\"Status\"=\"201 C>"="<no-value>"
2025/04/16 16:49:20 methods.go:53: "level"=0 "msg"="Response for store key: " "Roshan0"="resp: " "<non-string-key: {\"Status\"=\"201 C>"="<no-value>"
2025/04/16 16:49:20 methods.go:53: "level"=0 "msg"="Response for store key: " "Roshan3"="resp: " "<non-string-key: {\"Status\"=\"201 C>"="<no-value>"
2025/04/16 16:49:20 methods.go:53: "level"=0 "msg"="Response for store key: " "Roshan6"="resp: " "<non-string-key: {\"Status\"=\"201 C>"="<no-value>"
2025/04/16 16:49:20 methods.go:53: "level"=0 "msg"="Response for store key: " "Roshan9"="resp: " "<non-string-key: {\"Status\"=\"201 C>"="<no-value>"
2025/04/16 16:49:20 methods.go:53: "level"=0 "msg"="Response for store key: " "Roshan2"="resp: " "<non-string-key: {\"Status\"=\"201 C>"="<no-value>"
2025/04/16 16:49:20 methods.go:53: "level"=0 "msg"="Response for store key: " "Roshan4"="resp: " "<non-string-key: {\"Status\"=\"201 C>"="<no-value>"
2025/04/16 16:49:20 methods.go:53: "level"=0 "msg"="Response for store key: " "Roshan1"="resp: " "<non-string-key: {\"Status\"=\"201 C>"="<no-value>"
2025/04/16 16:49:20 methods.go:66: "level"=0 "msg"="Calling " "url"="http://localhost:9001/get?key=Roshan7"
2025/04/16 16:49:20 methods.go:66: "level"=0 "msg"="Calling " "url"="http://localhost:9002/get?key=Roshan3"
2025/04/16 16:49:20 methods.go:66: "level"=0 "msg"="Calling " "url"="http://localhost:9003/get?key=Roshan4"
2025/04/16 16:49:20 methods.go:66: "level"=0 "msg"="Calling " "url"="http://localhost:9002/get?key=Roshan5"
2025/04/16 16:49:20 methods.go:66: "level"=0 "msg"="Calling " "url"="http://localhost:9001/get?key=Roshan8"
2025/04/16 16:49:20 methods.go:66: "level"=0 "msg"="Calling " "url"="http://localhost:9002/get?key=Roshan0"
2025/04/16 16:49:20 methods.go:66: "level"=0 "msg"="Calling " "url"="http://localhost:9003/get?key=Roshan2"
2025/04/16 16:49:20 methods.go:66: "level"=0 "msg"="Calling " "url"="http://localhost:9003/get?key=Roshan1"
2025/04/16 16:49:20 methods.go:66: "level"=0 "msg"="Calling " "url"="http://localhost:9003/get?key=Roshan6"
2025/04/16 16:49:20 methods.go:66: "level"=0 "msg"="Calling " "url"="http://localhost:9003/get?key=Roshan9"
2025/04/16 16:49:20 methods.go:114: "level"=0 "msg"="Raw JSON body received" "key"="Roshan5" "body"="{\"Age\":5,\"Name\":\"Roshan5\"}"
2025/04/16 16:49:20 methods.go:114: "level"=0 "msg"="Raw JSON body received" "key"="Roshan2" "body"="{\"Age\":2,\"Name\":\"Roshan2\"}"
2025/04/16 16:49:20 methods.go:114: "level"=0 "msg"="Raw JSON body received" "key"="Roshan1" "body"="{\"Age\":1,\"Name\":\"Roshan1\"}"
2025/04/16 16:49:20 methods.go:114: "level"=0 "msg"="Raw JSON body received" "key"="Roshan6" "body"="{\"Age\":6,\"Name\":\"Roshan6\"}"
2025/04/16 16:49:20 methods.go:114: "level"=0 "msg"="Raw JSON body received" "key"="Roshan8" "body"="{\"Age\":8,\"Name\":\"Roshan8\"}"
2025/04/16 16:49:20 methods.go:114: "level"=0 "msg"="Raw JSON body received" "key"="Roshan0" "body"="{\"Age\":0,\"Name\":\"Roshan0\"}"
2025/04/16 16:49:20 methods.go:114: "level"=0 "msg"="Raw JSON body received" "key"="Roshan7" "body"="{\"Age\":7,\"Name\":\"Roshan7\"}"
2025/04/16 16:49:20 methods.go:114: "level"=0 "msg"="Raw JSON body received" "key"="Roshan3" "body"="{\"Age\":3,\"Name\":\"Roshan3\"}"
2025/04/16 16:49:20 methods.go:114: "level"=0 "msg"="Raw JSON body received" "key"="Roshan4" "body"="{\"Age\":4,\"Name\":\"Roshan4\"}"
2025/04/16 16:49:20 methods.go:114: "level"=0 "msg"="Raw JSON body received" "key"="Roshan9" "body"="{\"Age\":9,\"Name\":\"Roshan9\"}"
2025/04/16 16:49:20 methods.go:131: "level"=0 "msg"="Calling " "url"="http://localhost:9002/delete?key=Roshan3"
2025/04/16 16:49:20 methods.go:131: "level"=0 "msg"="Calling " "url"="http://localhost:9002/delete?key=Roshan0"
2025/04/16 16:49:20 methods.go:131: "level"=0 "msg"="Calling " "url"="http://localhost:9003/delete?key=Roshan9"
2025/04/16 16:49:20 methods.go:131: "level"=0 "msg"="Calling " "url"="http://localhost:9003/delete?key=Roshan6"
2025/04/16 16:49:20 methods.go:145: "level"=0 "msg"="Response " "status"="200 OK" "key"="Roshan3"
2025/04/16 16:49:20 methods.go:145: "level"=0 "msg"="Response " "status"="200 OK" "key"="Roshan6"
2025/04/16 16:49:20 methods.go:151: "level"=0 "msg"="Response " "Body"=" Deleted: key Roshan3 Key: Roshan3 deleted from hashmap."
2025/04/16 16:49:20 methods.go:145: "level"=0 "msg"="Response " "status"="200 OK" "key"="Roshan0"
2025/04/16 16:49:20 methods.go:151: "level"=0 "msg"="Response " "Body"=" Deleted: key Roshan6 Key: Roshan6 deleted from hashmap."
2025/04/16 16:49:20 methods.go:151: "level"=0 "msg"="Response " "Body"=" Deleted: key Roshan0 Key: Roshan0 deleted from hashmap."
2025/04/16 16:49:20 methods.go:145: "level"=0 "msg"="Response " "status"="200 OK" "key"="Roshan9"
2025/04/16 16:49:20 methods.go:151: "level"=0 "msg"="Response " "Body"=" Deleted: key Roshan9 Key: Roshan9 deleted from hashmap."
2025/04/16 16:49:20 methods.go:66: "level"=0 "msg"="Calling " "url"="http://localhost:9003/get?key=Roshan1"
2025/04/16 16:49:20 methods.go:66: "level"=0 "msg"="Calling " "url"="http://localhost:9001/get?key=Roshan8"
2025/04/16 16:49:20 methods.go:66: "level"=0 "msg"="Calling " "url"="http://localhost:9002/get?key=Roshan10"
2025/04/16 16:49:20 methods.go:66: "level"=0 "msg"="Calling " "url"="http://localhost:9002/get?key=Roshan3"
2025/04/16 16:49:20 methods.go:66: "level"=0 "msg"="Calling " "url"="http://localhost:9003/get?key=Roshan2"
2025/04/16 16:49:20 methods.go:66: "level"=0 "msg"="Calling " "url"="http://localhost:9001/get?key=Roshan7"
2025/04/16 16:49:20 methods.go:66: "level"=0 "msg"="Calling " "url"="http://localhost:9002/get?key=Roshan5"
2025/04/16 16:49:20 methods.go:66: "level"=0 "msg"="Calling " "url"="http://localhost:9003/get?key=Roshan4"
2025/04/16 16:49:20 methods.go:66: "level"=0 "msg"="Calling " "url"="http://localhost:9003/get?key=Roshan6"
2025/04/16 16:49:20 methods.go:66: "level"=0 "msg"="Calling " "url"="http://localhost:9003/get?key=Roshan11"
2025/04/16 16:49:20 methods.go:66: "level"=0 "msg"="Calling " "url"="http://localhost:9003/get?key=Roshan9"
2025/04/16 16:49:20 methods.go:66: "level"=0 "msg"="Calling " "url"="http://localhost:9002/get?key=Roshan0"
2025/04/16 16:49:20 methods.go:114: "level"=0 "msg"="Raw JSON body received" "key"="Roshan1" "body"="{\"Age\":1,\"Name\":\"Roshan1\"}"
2025/04/16 16:49:20 methods.go:114: "level"=0 "msg"="Raw JSON body received" "key"="Roshan2" "body"="{\"Age\":2,\"Name\":\"Roshan2\"}"
2025/04/16 16:49:20 methods.go:114: "level"=0 "msg"="Raw JSON body received" "key"="Roshan8" "body"="{\"Age\":8,\"Name\":\"Roshan8\"}"
2025/04/16 16:49:20 methods.go:114: "level"=0 "msg"="Raw JSON body received" "key"="Roshan4" "body"="{\"Age\":4,\"Name\":\"Roshan4\"}"
2025/04/16 16:49:20 methods.go:114: "level"=0 "msg"="Raw JSON body received" "key"="Roshan7" "body"="{\"Age\":7,\"Name\":\"Roshan7\"}"
2025/04/16 16:49:20 methods.go:114: "level"=0 "msg"="Raw JSON body received" "key"="Roshan5" "body"="{\"Age\":5,\"Name\":\"Roshan5\"}"
2025/07/07 16:46:45 methods.go:47: "level"=0 "msg"="calling: " "http://localhost:9003/set"="<no-value>"
2025/07/07 16:46:45 methods.go:47: "level"=0 "msg"="calling: " "http://localhost:9001/set"="<no-value>"
2025/07/07 16:46:45 methods.go:47: "level"=0 "msg"="calling: " "http://localhost:9002/set"="<no-value>"
2025/07/07 16:46:45 methods.go:47: "level"=0 "msg"="calling: " "http://localhost:9003/set"="<no-value>"
2025/07/07 16:46:45 methods.go:47: "level"=0 "msg"="calling: " "http://localhost:9002/set"="<no-value>"
2025/07/07 16:46:45 methods.go:47: "level"=0 "msg"="calling: " "http://localhost:9003/set"="<no-value>"
2025/07/07 16:46:45 methods.go:47: "level"=0 "msg"="calling: " "http://localhost:9003/set"="<no-value>"
2025/07/07 16:46:45 methods.go:47: "level"=0 "msg"="calling: " "http://localhost:9002/set"="<no-value>"
2025/07/07 16:46:45 methods.go:50: "msg"="Failed while calling url" "error"="Post \"http://localhost:9001/set\": dial tcp [::1]:9001: connectex: No connection could be made because the target machine actively refused it." "http://localhost:9001/set"="<no-value>"
2025/07/07 16:46:45 methods.go:50: "msg"="Failed while calling url" "error"="Post \"http://localhost:9003/set\": dial tcp [::1]:9003: connectex: No connection could be made because the target machine actively refused it." "http://localhost:9003/set"="<no-value>"
2025/07/07 16:46:45 methods.go:50: "msg"="Failed while calling url" "error"="Post \"http://localhost:9003/set\": dial tcp [::1]:9003: connectex: No connection could be made because the target machine actively refused it." "http://localhost:9003/set"="<no-value>"
2025/07/07 16:46:45 methods.go:50: "msg"="Failed while calling url" "error"="Post \"http://localhost:9003/set\": dial tcp [::1]:9003: connectex: No connection could be made because the target machine actively refused it." "http://localhost:9003/set"="<no-value>"
2025/07/07 16:46:45 methods.go:50: "msg"="Failed while calling url" "error"="Post \"http://localhost:9003/set\": dial tcp [::1]:9003: connectex: No connection could be made because the target machine actively refused it." "http://localhost:9003/set"="<no-value>"
2025/07/07 16:46:45 methods.go:53: "level"=0 "msg"="Response for store key: " "user2"="resp: " "<non-string-key: {\"Status\"=\"201 C>"="<no-value>"
2025/07/07 16:46:45 methods.go:53: "level"=0 "msg"="Response for store key: " "user1"="resp: " "<non-string-key: {\"Status\"=\"201 C>"="<no-value>"
2025/07/07 16:46:45 methods.go:53: "level"=0 "msg"="Response for store key: " "user3"="resp: " "<non-string-key: {\"Status\"=\"201 C>"="<no-value>"
2025/07/07 16:46:45 methods.go:66: "level"=0 "msg"="Calling " "url"="http://localhost:9003/get?key=user7"
2025/07/07 16:46:45 methods.go:66: "level"=0 "msg"="Calling " "url"="http://localhost:9001/get?key=user0"
2025/07/07 16:46:45 methods.go:66: "level"=0 "msg"="Calling " "url"="http://localhost:9003/get?key=user5"
2025/07/07 16:46:45 methods.go:66: "level"=0 "msg"="Calling " "url"="http://localhost:9002/get?key=user3"
2025/07/07 16:46:45 methods.go:66: "level"=0 "msg"="Calling " "url"="http://localhost:9003/get?key=user4"
2025/07/07 16:46:45 methods.go:66: "level"=0 "msg"="Calling " "url"="http://localhost:9002/get?key=user2"
2025/07/07 16:46:45 methods.go:66: "level"=0 "msg"="Calling " "url"="http://localhost:9003/get?key=user6"
2025/07/07 16:46:45 methods.go:66: "level"=0 "msg"="Calling " "url"="http://localhost:9002/get?key=user1"
2025/07/07 16:46:45 methods.go:114: "level"=0 "msg"="Raw JSON body received" "key"="user3" "body"="{\"Age\":3,\"Name\":\"Roshan3\"}"
2025/07/07 16:46:45 methods.go:114: "level"=0 "msg"="Raw JSON body received" "key"="user2" "body"="{\"Age\":2,\"Name\":\"Roshan2\"}"
2025/07/07 16:46:45 methods.go:69: "msg"="Error while calling" "error"="Get \"http://localhost:9003/get?key=user4\": dial tcp [::1]:9003: connectex: No connection could be made because the target machine actively refused it." "url"="http://localhost:9003/get?key=user4"
2025/07/07 16:46:45 methods.go:69: "msg"="Error while calling" "error"="Get \"http://localhost:9003/get?key=user6\": dial tcp [::1]:9003: connectex: No connection could be made because the target machine actively refused it." "url"="http://localhost:9003/get?key=user6"
2025/07/07 16:46:45 methods.go:69: "msg"="Error while calling" "error"="Get \"http://localhost:9003/get?key=user7\": dial tcp [::1]:9003: connectex: No connection could be made because the target machine actively refused it." "url"="http://localhost:9003/get?key=user7"
2025/07/07 16:46:45 methods.go:69: "msg"="Error while calling" "error"="Get \"http://localhost:9003/get?key=user5\": dial tcp [::1]:9003: connectex: No connection could be made because the target machine actively refused it." "url"="http://localhost:9003/get?key=user5"
2025/07/07 16:46:45 methods.go:69: "msg"="Error while calling" "error"="Get \"http://localhost:9001/get?key=user0\": dial tcp [::1]:9001: connectex: No connection could be made because the target machine actively refused it." "url"="http://localhost:9001/get?key=user0"
2025/07/07 16:46:45 methods.go:114: "level"=0 "msg"="Raw JSON body received" "key"="user1" "body"="{\"Age\":1,\"Name\":\"Roshan1\"}"
2025/07/07 16:46:45 methods.go:131: "level"=0 "msg"="Calling " "url"="http://localhost:9002/delete?key=user9"
2025/07/07 16:46:45 methods.go:131: "level"=0 "msg"="Calling " "url"="http://localhost:9002/delete?key=user3"
2025/07/07 16:46:45 methods.go:131: "level"=0 "msg"="Calling " "url"="http://localhost:9003/delete?key=user6"
2025/07/07 16:46:45 methods.go:131: "level"=0 "msg"="Calling " "url"="http://localhost:9001/delete?key=user0"
2025/07/07 16:46:45 methods.go:145: "level"=0 "msg"="Response " "status"="200 OK" "key"="user3"
2025/07/07 16:46:45 methods.go:151: "level"=0 "msg"="Response " "Body"=" Deleted: key user3 Key: user3 deleted from hashmap."
2025/07/07 16:46:45 methods.go:145: "level"=0 "msg"="Response " "status"="404 Not Found" "key"="user9"
2025/07/07 16:46:45 methods.go:141: "msg"="Error while calling delete req for" "error"="Delete \"http://localhost:9001/delete?key=user0\": dial tcp [::1]:9001: connectex: No connection could be made because the target machine actively refused it." "key"="user0"
2025/07/07 16:46:45 methods.go:141: "msg"="Error while calling delete req for" "error"="Delete \"http://localhost:9003/delete?key=user6\": dial tcp [::1]:9003: connectex: No connection could be made because the target machine actively refused it." "key"="user6"
2025/07/07 16:46:45 methods.go:151: "level"=0 "msg"="Response " "Body"="Key user9 not found : key user9 not found\n"
2025/07/07 16:46:45 methods.go:66: "level"=0 "msg"="Calling " "url"="http://localhost:9002/get?key=user3"
2025/07/07 16:46:45 methods.go:66: "level"=0 "msg"="Calling " "url"="http://localhost:9001/get?key=user0"
2025/07/07 16:46:45 methods.go:66: "level"=0 "msg"="Calling " "url"="http://localhost:9003/get?key=user4"
2025/07/07 16:46:45 methods.go:66: "level"=0 "msg"="Calling " "url"="http://localhost:9003/get?key=user5"
2025/07/07 16:46:45 methods.go:66: "level"=0 "msg"="Calling " "url"="http://localhost:9003/get?key=user6"
2025/07/07 16:46:45 methods.go:66: "level"=0 "msg"="Calling " "url"="http://localhost:9003/get?key=user7"
2025/07/07 16:46:45 methods.go:66: "level"=0 "msg"="Calling " "url"="http://localhost:9002/get?key=user1"
2025/07/07 16:46:45 methods.go:66: "level"=0 "msg"="Calling " "url"="http://localhost:9002/get?key=user2"
2025/07/07 16:46:45 methods.go:69: "msg"="Error while calling" "error"="Get \"http://localhost:9003/get?key=user5\": dial tcp [::1]:9003: connectex: No connection could be made because the target machine actively refused it." "url"="http://localhost:9003/get?key=user5"
2025/07/07 16:46:45 methods.go:66: "level"=0 "msg"="Calling " "url"="http://localhost:9002/get?key=user8"
2025/07/07 16:46:45 methods.go:69: "msg"="Error while calling" "error"="Get \"http://localhost:9003/get?key=user4\": dial tcp [::1]:9003: connectex: No connection could be made because the target machine actively refused it." "url"="http://localhost:9003/get?key=user4"
2025/07/07 16:46:45 methods.go:66: "level"=0 "msg"="Calling " "url"="http://localhost:9002/get?key=user9"
2025/07/07 16:46:45 methods.go:69: "msg"="Error while calling" "error"="Get \"http://localhost:9001/get?key=user0\": dial tcp [::1]:9001: connectex: No connection could be made because the target machine actively refused it." "url"="http://localhost:9001/get?key=user0"
2025/07/07 16:46:45 methods.go:69: "msg"="Error while calling" "error"="Get \"http://localhost:9003/get?key=user7\": dial tcp [::1]:9003: connectex: No connection could be made because the target machine actively refused it." "url"="http://localhost:9003/get?key=user7"
2025/07/07 16:46:45 methods.go:69: "msg"="Error while calling" "error"="Get \"http://localhost:9003/get?key=user6\": dial tcp [::1]:9003: connectex: No connection could be made because the target machine actively refused it." "url"="http://localhost:9003/get?key=user6"
2025/07/07 16:46:45 methods.go:114: "level"=0 "msg"="Raw JSON body received" "key"="user1" "body"="{\"Age\":1,\"Name\":\"Roshan1\"}"
2025/07/07 16:46:45 methods.go:114: "level"=0 "msg"="Raw JSON body received" "key"="user2" "body"="{\"Age\":2,\"Name\":\"Roshan2\"}"
2025/07/07 16:46:45 methods.go:103: "msg"="Failed to get key" "error"="key not found user3"
2025/07/07 16:46:45 methods.go:103: "msg"="Failed to get key" "error"="key not found user9"
2025/07/07 16:46:45 methods.go:103: "msg"="Failed to get key" "error"="key not found user8"
2025/07/07 16:46:45 methods.go:47: "level"=0 "msg"="calling: " "http://localhost:9002/set"="<no-value>"
2025/07/07 16:46:45 methods.go:47: "level"=0 "msg"="calling: " "http://localhost:9002/set"="<no-value>"
2025/07/07 16:46:45 methods.go:47: "level"=0 "msg"="calling: " "http://localhost:9001/set"="<no-value>"
2025/07/07 16:46:45 methods.go:47: "level"=0 "msg"="calling: " "http://localhost:9003/set"="<no-value>"
2025/07/07 16:46:45 methods.go:47: "level"=0 "msg"="calling: " "http://localhost:9003/set"="<no-value>"
2025/07/07 16:46:45 methods.go:53: "level"=0 "msg"="Response for store key: " "user2"="resp: " "<non-string-key: {\"Status\"=\"201 C>"="<no-value>"
2025/07/07 16:46:45 methods.go:53: "level"=0 "msg"="Response for store key: " "user8"="resp: " "<non-string-key: {\"Status\"=\"201 C>"="<no-value>"
2025/07/07 16:46:45 methods.go:50: "msg"="Failed while calling url" "error"="Post \"http://localhost:9003/set\": dial tcp [::1]:9003: connectex: No connection could be made because the target machine actively refused it." "http://localhost:9003/set"="<no-value>"
2025/07/07 16:46:45 methods.go:50: "msg"="Failed while calling url" "error"="Post \"http://localhost:9001/set\": dial tcp [::1]:9001: connectex: No connection could be made because the target machine actively refused it." "http://localhost:9001/set"="<no-value>"
2025/07/07 16:46:45 methods.go:50: "msg"="Failed while calling url" "error"="Post \"http://localhost:9003/set\": dial tcp [::1]:9003: connectex: No connection could be made because the target machine actively refused it." "http://localhost:9003/set"="<no-value>"
2025/07/07 16:46:45 methods.go:66: "level"=0 "msg"="Calling " "url"="http://localhost:9002/get?key=user8"
2025/07/07 16:46:45 methods.go:66: "level"=0 "msg"="Calling " "url"="http://localhost:9002/get?key=user2"
2025/07/07 16:46:45 methods.go:66: "level"=0 "msg"="Calling " "url"="http://localhost:9001/get?key=user0"
2025/07/07 16:46:45 methods.go:114: "level"=0 "msg"="Raw JSON body received" "key"="user8" "body"="{\"Age\":8,\"Name\":\"Roshan-overwrite8\"}"
2025/07/07 16:46:45 methods.go:66: "level"=0 "msg"="Calling " "url"="http://localhost:9003/get?key=user6"
2025/07/07 16:46:45 methods.go:66: "level"=0 "msg"="Calling " "url"="http://localhost:9003/get?key=user4"
2025/07/07 16:46:45 methods.go:114: "level"=0 "msg"="Raw JSON body received" "key"="user2" "body"="{\"Age\":2,\"Name\":\"Roshan-overwrite2\"}"
2025/07/07 16:46:45 methods.go:69: "msg"="Error while calling" "error"="Get \"http://localhost:9003/get?key=user4\": dial tcp [::1]:9003: connectex: No connection could be made because the target machine actively refused it." "url"="http://localhost:9003/get?key=user4"
2025/07/07 16:46:45 methods.go:69: "msg"="Error while calling" "error"="Get \"http://localhost:9001/get?key=user0\": dial tcp [::1]:9001: connectex: No connection could be made because the target machine actively refused it." "url"="http://localhost:9001/get?key=user0"
2025/07/07 16:46:45 methods.go:69: "msg"="Error while calling" "error"="Get \"http://localhost:9003/get?key=user6\": dial tcp [::1]:9003: connectex: No connection could be made because the target machine actively refused it." "url"="http://localhost:9003/get?key=user6"
2025/07/07 16:46:45 handler.go:41: "level"=0 "msg"="Listening on" "address"=":9004"
2025/07/07 17:15:32 methods.go:47: "level"=0 "msg"="calling: " "http://localhost:9003/set"="<no-value>"
2025/07/07 17:15:32 methods.go:53: "level"=0 "msg"="Response for store key: " "user123"="resp: " "<non-string-key: {\"Status\"=\"201 C>"="<no-value>"
2025/07/07 17:15:32 handler.go:64: "level"=0 "msg"="Added key: %v value: %v\n" "user123"={"data"={"name"="roshan" "age"=25 "tags"=["go" "dev"] "meta"={"active"=true "lastLogin"="2024-12-01T12:34:56Z"}}}
2025/07/07 17:15:32 handler.go:69: "level"=0 "msg"="successfully stored key in hashmap Key: " "key"="user123"
2025/07/07 17:17:40 methods.go:66: "level"=0 "msg"="Calling " "url"="http://localhost:9003/get?key=user123"
2025/07/07 17:17:40 methods.go:114: "level"=0 "msg"="Raw JSON body received" "key"="user123" "body"="{\"data\":{\"age\":25,\"meta\":{\"active\":true,\"lastLogin\":\"2024-12-01T12:34:56Z\"},\"name\":\"roshan\",\"tags\":[\"go\",\"dev\"]}}"
2025/07/07 17:17:40 handler.go:89: "level"=0 "msg"="successfully got value from hashmap for " "key"="user123"
2025/07/07 17:18:00 methods.go:131: "level"=0 "msg"="Calling " "url"="http://localhost:9003/delete?key=user123"
2025/07/07 17:18:00 methods.go:145: "level"=0 "msg"="Response " "status"="200 OK" "key"="user123"
2025/07/07 17:18:00 methods.go:151: "level"=0 "msg"="Response " "Body"=" Deleted: key user123 Key: user123 deleted from hashmap."
2025/07/07 17:18:00 handler.go:110: "level"=0 "msg"="successfully deleted key from hashmap Key: " "key"="user123"
